<?xml version="1.0" encoding="UTF-8"?>
<!-- Generated by org.testng.reporters.JUnitXMLReporter -->
<testsuite ignored="0" hostname="DESKTOP-TJL6MBM" failures="0" tests="3" name="Default test" time="11.683" errors="0" timestamp="2021-03-14T12:57:47 EDT">
  <testcase classname="com.osa.base.Browser" name="logo" time="0.036"/>
  <testcase classname="com.osa.base.Browser" name="login" time="1.114"/>
  <testcase classname="com.osa.base.Browser" name="studentPage" time="2.814"/>
</testsuite> <!-- Default test -->
