<?xml version="1.0" encoding="UTF-8"?>
<!-- Generated by org.testng.reporters.JUnitXMLReporter -->
<testsuite ignored="0" hostname="DESKTOP-TJL6MBM" failures="0" tests="3" name="Default test" time="13.505" errors="0" timestamp="2021-03-15T12:36:15 EDT">
  <testcase classname="com.osa.base.Browser" name="logo" time="0.063"/>
  <testcase classname="com.osa.base.Browser" name="login" time="1.312"/>
  <testcase classname="com.osa.base.Browser" name="studentPage" time="2.98"/>
</testsuite> <!-- Default test -->
