<?xml version="1.0" encoding="UTF-8"?>
<testng-results ignored="0" total="3" passed="3" failed="0" skipped="0">
  <reporter-output>
  </reporter-output>
  <suite started-at="2021-03-14T12:57:35 EDT" name="Default suite" finished-at="2021-03-14T12:57:47 EDT" duration-ms="11683">
    <groups>
    </groups>
    <test started-at="2021-03-14T12:57:35 EDT" name="Default test" finished-at="2021-03-14T12:57:47 EDT" duration-ms="11683">
      <class name="com.osa.base.Browser">
        <test-method is-config="true" signature="browserOpen()[pri:0, instance:com.osa.base.Browser@6193932a]" started-at="2021-03-14T12:57:35 EDT" name="browserOpen" finished-at="2021-03-14T12:57:43 EDT" duration-ms="7614" status="PASS">
          <reporter-output>
          </reporter-output>
        </test-method> <!-- browserOpen -->
        <test-method signature="logo()[pri:1, instance:com.osa.base.Browser@6193932a]" started-at="2021-03-14T12:57:43 EDT" name="logo" finished-at="2021-03-14T12:57:43 EDT" duration-ms="36" status="PASS">
          <reporter-output>
          </reporter-output>
        </test-method> <!-- logo -->
        <test-method signature="login()[pri:2, instance:com.osa.base.Browser@6193932a]" started-at="2021-03-14T12:57:43 EDT" name="login" finished-at="2021-03-14T12:57:44 EDT" duration-ms="1114" status="PASS">
          <reporter-output>
          </reporter-output>
        </test-method> <!-- login -->
        <test-method signature="studentPage()[pri:3, instance:com.osa.base.Browser@6193932a]" started-at="2021-03-14T12:57:44 EDT" name="studentPage" finished-at="2021-03-14T12:57:47 EDT" duration-ms="2814" status="PASS">
          <reporter-output>
          </reporter-output>
        </test-method> <!-- studentPage -->
        <test-method is-config="true" signature="closeDriver()[pri:0, instance:com.osa.base.Browser@6193932a]" started-at="2021-03-14T12:57:47 EDT" name="closeDriver" finished-at="2021-03-14T12:57:47 EDT" duration-ms="66" status="PASS">
          <reporter-output>
          </reporter-output>
        </test-method> <!-- closeDriver -->
      </class> <!-- com.osa.base.Browser -->
    </test> <!-- Default test -->
  </suite> <!-- Default suite -->
</testng-results>
